# Logfile created on 2015-12-29 17:11:12 +0100 by logger.rb/44203
D, [2015-12-29T17:11:21.577437 #745] DEBUG -- :   [1m[36mThought Load (2.3ms)[0m  [1mSELECT "thoughts".* FROM "thoughts"[0m
D, [2015-12-29T17:11:21.596766 #745] DEBUG -- :   [1m[35mTag Load (0.2ms)[0m  SELECT "tags".* FROM "tags"
D, [2015-12-29T17:11:24.612117 #745] DEBUG -- :   [1m[36mThought Load (0.9ms)[0m  [1mSELECT "thoughts".* FROM "thoughts"[0m
D, [2015-12-29T17:11:24.614805 #745] DEBUG -- :   [1m[35mTag Load (0.4ms)[0m  SELECT "tags".* FROM "tags"
D, [2015-12-29T17:11:25.510197 #745] DEBUG -- :   [1m[36mThought Load (0.9ms)[0m  [1mSELECT "thoughts".* FROM "thoughts"[0m
D, [2015-12-29T17:11:25.512584 #745] DEBUG -- :   [1m[35mTag Load (0.4ms)[0m  SELECT "tags".* FROM "tags"
D, [2015-12-29T17:11:26.307089 #745] DEBUG -- :   [1m[36mThought Load (1.0ms)[0m  [1mSELECT "thoughts".* FROM "thoughts"[0m
D, [2015-12-29T17:11:26.309586 #745] DEBUG -- :   [1m[35mTag Load (0.4ms)[0m  SELECT "tags".* FROM "tags"
D, [2015-12-29T17:11:26.905143 #745] DEBUG -- :   [1m[36mThought Load (1.2ms)[0m  [1mSELECT "thoughts".* FROM "thoughts"[0m
D, [2015-12-29T17:11:26.907889 #745] DEBUG -- :   [1m[35mTag Load (0.4ms)[0m  SELECT "tags".* FROM "tags"
D, [2015-12-29T17:18:01.527346 #1087] DEBUG -- :   [1m[36mThought Load (1.9ms)[0m  [1mSELECT "thoughts".* FROM "thoughts"[0m
D, [2015-12-29T17:18:01.542711 #1087] DEBUG -- :   [1m[35mTag Load (0.2ms)[0m  SELECT "tags".* FROM "tags"
D, [2015-12-29T17:18:03.752626 #1087] DEBUG -- :   [1m[36mThought Load (0.4ms)[0m  [1mSELECT "thoughts".* FROM "thoughts"[0m
D, [2015-12-29T17:18:03.754752 #1087] DEBUG -- :   [1m[35mTag Load (0.2ms)[0m  SELECT "tags".* FROM "tags"
D, [2015-12-29T17:18:04.468895 #1087] DEBUG -- :   [1m[36mThought Load (0.8ms)[0m  [1mSELECT "thoughts".* FROM "thoughts"[0m
D, [2015-12-29T17:18:04.470683 #1087] DEBUG -- :   [1m[35mTag Load (0.2ms)[0m  SELECT "tags".* FROM "tags"
D, [2015-12-29T17:18:05.017036 #1087] DEBUG -- :   [1m[36mThought Load (0.6ms)[0m  [1mSELECT "thoughts".* FROM "thoughts"[0m
D, [2015-12-29T17:18:05.019161 #1087] DEBUG -- :   [1m[35mTag Load (0.3ms)[0m  SELECT "tags".* FROM "tags"
D, [2015-12-29T17:18:05.409511 #1087] DEBUG -- :   [1m[36mThought Load (0.6ms)[0m  [1mSELECT "thoughts".* FROM "thoughts"[0m
D, [2015-12-29T17:18:05.411633 #1087] DEBUG -- :   [1m[35mTag Load (0.3ms)[0m  SELECT "tags".* FROM "tags"
D, [2015-12-29T17:18:05.934452 #1087] DEBUG -- :   [1m[36mThought Load (1.1ms)[0m  [1mSELECT "thoughts".* FROM "thoughts"[0m
D, [2015-12-29T17:18:05.936302 #1087] DEBUG -- :   [1m[35mTag Load (0.3ms)[0m  SELECT "tags".* FROM "tags"
D, [2015-12-29T17:18:06.384198 #1087] DEBUG -- :   [1m[36mThought Load (0.6ms)[0m  [1mSELECT "thoughts".* FROM "thoughts"[0m
D, [2015-12-29T17:18:06.386534 #1087] DEBUG -- :   [1m[35mTag Load (0.3ms)[0m  SELECT "tags".* FROM "tags"
D, [2015-12-29T17:18:07.077671 #1087] DEBUG -- :   [1m[36mThought Load (0.4ms)[0m  [1mSELECT "thoughts".* FROM "thoughts"[0m
D, [2015-12-29T17:18:07.081175 #1087] DEBUG -- :   [1m[35mTag Load (0.4ms)[0m  SELECT "tags".* FROM "tags"
D, [2015-12-29T17:18:07.546889 #1087] DEBUG -- :   [1m[36mThought Load (0.7ms)[0m  [1mSELECT "thoughts".* FROM "thoughts"[0m
D, [2015-12-29T17:18:07.549336 #1087] DEBUG -- :   [1m[35mTag Load (0.3ms)[0m  SELECT "tags".* FROM "tags"
D, [2015-12-29T17:18:07.995087 #1087] DEBUG -- :   [1m[36mThought Load (0.6ms)[0m  [1mSELECT "thoughts".* FROM "thoughts"[0m
D, [2015-12-29T17:18:07.997761 #1087] DEBUG -- :   [1m[35mTag Load (0.4ms)[0m  SELECT "tags".* FROM "tags"
D, [2015-12-29T17:18:08.459162 #1087] DEBUG -- :   [1m[36mThought Load (0.6ms)[0m  [1mSELECT "thoughts".* FROM "thoughts"[0m
D, [2015-12-29T17:18:08.461364 #1087] DEBUG -- :   [1m[35mTag Load (0.3ms)[0m  SELECT "tags".* FROM "tags"
D, [2015-12-29T17:18:08.934909 #1087] DEBUG -- :   [1m[36mThought Load (0.6ms)[0m  [1mSELECT "thoughts".* FROM "thoughts"[0m
D, [2015-12-29T17:18:08.937244 #1087] DEBUG -- :   [1m[35mTag Load (0.3ms)[0m  SELECT "tags".* FROM "tags"
D, [2015-12-29T17:18:09.386383 #1087] DEBUG -- :   [1m[36mThought Load (0.5ms)[0m  [1mSELECT "thoughts".* FROM "thoughts"[0m
D, [2015-12-29T17:18:09.388521 #1087] DEBUG -- :   [1m[35mTag Load (0.3ms)[0m  SELECT "tags".* FROM "tags"
D, [2015-12-29T17:18:09.854730 #1087] DEBUG -- :   [1m[36mThought Load (0.8ms)[0m  [1mSELECT "thoughts".* FROM "thoughts"[0m
D, [2015-12-29T17:18:09.857656 #1087] DEBUG -- :   [1m[35mTag Load (0.4ms)[0m  SELECT "tags".* FROM "tags"
D, [2015-12-29T17:18:10.210718 #1087] DEBUG -- :   [1m[36mThought Load (0.5ms)[0m  [1mSELECT "thoughts".* FROM "thoughts"[0m
D, [2015-12-29T17:18:10.213007 #1087] DEBUG -- :   [1m[35mTag Load (0.4ms)[0m  SELECT "tags".* FROM "tags"
D, [2015-12-29T17:18:13.534383 #1087] DEBUG -- :   [1m[36mThought Load (0.4ms)[0m  [1mSELECT "thoughts".* FROM "thoughts"[0m
D, [2015-12-29T17:18:13.536311 #1087] DEBUG -- :   [1m[35mTag Load (0.3ms)[0m  SELECT "tags".* FROM "tags"
D, [2015-12-29T17:18:14.165950 #1087] DEBUG -- :   [1m[36mThought Load (0.4ms)[0m  [1mSELECT "thoughts".* FROM "thoughts"[0m
D, [2015-12-29T17:18:14.168374 #1087] DEBUG -- :   [1m[35mTag Load (0.4ms)[0m  SELECT "tags".* FROM "tags"
D, [2015-12-29T17:18:14.723489 #1087] DEBUG -- :   [1m[36mThought Load (0.5ms)[0m  [1mSELECT "thoughts".* FROM "thoughts"[0m
D, [2015-12-29T17:18:14.725943 #1087] DEBUG -- :   [1m[35mTag Load (0.4ms)[0m  SELECT "tags".* FROM "tags"
D, [2015-12-29T17:18:15.243544 #1087] DEBUG -- :   [1m[36mThought Load (0.4ms)[0m  [1mSELECT "thoughts".* FROM "thoughts"[0m
D, [2015-12-29T17:18:15.245460 #1087] DEBUG -- :   [1m[35mTag Load (0.3ms)[0m  SELECT "tags".* FROM "tags"
D, [2015-12-29T17:18:15.713626 #1087] DEBUG -- :   [1m[36mThought Load (0.8ms)[0m  [1mSELECT "thoughts".* FROM "thoughts"[0m
D, [2015-12-29T17:18:15.716100 #1087] DEBUG -- :   [1m[35mTag Load (0.3ms)[0m  SELECT "tags".* FROM "tags"
D, [2015-12-29T17:18:16.135663 #1087] DEBUG -- :   [1m[36mThought Load (0.6ms)[0m  [1mSELECT "thoughts".* FROM "thoughts"[0m
D, [2015-12-29T17:18:16.137873 #1087] DEBUG -- :   [1m[35mTag Load (0.3ms)[0m  SELECT "tags".* FROM "tags"
D, [2015-12-29T17:18:16.585374 #1087] DEBUG -- :   [1m[36mThought Load (0.3ms)[0m  [1mSELECT "thoughts".* FROM "thoughts"[0m
D, [2015-12-29T17:18:16.587182 #1087] DEBUG -- :   [1m[35mTag Load (0.4ms)[0m  SELECT "tags".* FROM "tags"
D, [2015-12-29T17:18:34.357082 #1087] DEBUG -- :   [1m[36mThought Load (0.4ms)[0m  [1mSELECT "thoughts".* FROM "thoughts"[0m
D, [2015-12-29T17:18:34.359022 #1087] DEBUG -- :   [1m[35mTag Load (0.3ms)[0m  SELECT "tags".* FROM "tags"
D, [2015-12-29T17:18:35.101307 #1087] DEBUG -- :   [1m[36mThought Load (0.4ms)[0m  [1mSELECT "thoughts".* FROM "thoughts"[0m
D, [2015-12-29T17:18:35.103263 #1087] DEBUG -- :   [1m[35mTag Load (0.3ms)[0m  SELECT "tags".* FROM "tags"
D, [2015-12-29T17:45:34.952261 #1087] DEBUG -- :   [1m[36mThought Load (0.5ms)[0m  [1mSELECT "thoughts".* FROM "thoughts"[0m
D, [2015-12-29T17:45:34.954392 #1087] DEBUG -- :   [1m[35mTag Load (0.4ms)[0m  SELECT "tags".* FROM "tags"
D, [2016-01-02T13:24:51.006925 #16506] DEBUG -- :   [1m[36mThought Load (2.5ms)[0m  [1mSELECT "thoughts".* FROM "thoughts"[0m
D, [2016-01-02T13:24:51.021306 #16506] DEBUG -- :   [1m[35mTag Load (0.3ms)[0m  SELECT "tags".* FROM "tags"
D, [2016-01-02T13:44:47.398884 #16506] DEBUG -- :   [1m[36mThought Load (1.0ms)[0m  [1mSELECT "thoughts".* FROM "thoughts"[0m
D, [2016-01-02T13:44:47.401080 #16506] DEBUG -- :   [1m[35mTag Load (0.3ms)[0m  SELECT "tags".* FROM "tags"
D, [2016-01-02T13:45:24.707649 #16506] DEBUG -- :   [1m[36mThought Load (0.5ms)[0m  [1mSELECT "thoughts".* FROM "thoughts"[0m
D, [2016-01-02T13:45:24.710541 #16506] DEBUG -- :   [1m[35mTag Load (0.4ms)[0m  SELECT "tags".* FROM "tags"
D, [2016-01-02T13:45:52.539925 #16506] DEBUG -- :   [1m[36mThought Load (0.5ms)[0m  [1mSELECT "thoughts".* FROM "thoughts"[0m
D, [2016-01-02T13:45:52.547072 #16506] DEBUG -- :   [1m[35mTag Load (0.4ms)[0m  SELECT "tags".* FROM "tags"
D, [2016-01-02T13:46:00.075843 #16506] DEBUG -- :   [1m[36mThought Load (0.5ms)[0m  [1mSELECT "thoughts".* FROM "thoughts"[0m
D, [2016-01-02T13:46:00.078220 #16506] DEBUG -- :   [1m[35mTag Load (0.2ms)[0m  SELECT "tags".* FROM "tags"
D, [2016-01-02T13:46:11.466901 #16506] DEBUG -- :   [1m[36mThought Load (1.1ms)[0m  [1mSELECT "thoughts".* FROM "thoughts"[0m
D, [2016-01-02T13:46:11.470850 #16506] DEBUG -- :   [1m[35mTag Load (0.4ms)[0m  SELECT "tags".* FROM "tags"
D, [2016-01-02T13:46:31.963857 #16506] DEBUG -- :   [1m[36mThought Load (0.4ms)[0m  [1mSELECT "thoughts".* FROM "thoughts"[0m
D, [2016-01-02T13:46:31.965619 #16506] DEBUG -- :   [1m[35mTag Load (0.2ms)[0m  SELECT "tags".* FROM "tags"
D, [2016-01-02T13:47:13.791397 #16506] DEBUG -- :   [1m[36mThought Load (0.7ms)[0m  [1mSELECT "thoughts".* FROM "thoughts"[0m
D, [2016-01-02T13:47:13.794675 #16506] DEBUG -- :   [1m[35mTag Load (0.3ms)[0m  SELECT "tags".* FROM "tags"
D, [2016-01-02T13:49:36.929167 #16506] DEBUG -- :   [1m[36mThought Load (0.8ms)[0m  [1mSELECT "thoughts".* FROM "thoughts"[0m
D, [2016-01-02T13:49:36.932812 #16506] DEBUG -- :   [1m[35mTag Load (0.4ms)[0m  SELECT "tags".* FROM "tags"
D, [2016-01-02T14:42:50.457805 #16506] DEBUG -- :   [1m[36mThought Load (0.9ms)[0m  [1mSELECT "thoughts".* FROM "thoughts"[0m
D, [2016-01-02T14:42:50.461068 #16506] DEBUG -- :   [1m[35mTag Load (0.4ms)[0m  SELECT "tags".* FROM "tags"
D, [2016-01-02T15:35:29.133003 #20069] DEBUG -- :   [1m[36mActiveRecord::SchemaMigration Load (0.1ms)[0m  [1mSELECT "schema_migrations".* FROM "schema_migrations"[0m
I, [2016-01-02T15:35:29.139054 #20069]  INFO -- : Migrating to AddFromEmailComlumnToThoughts (20160102143443)
D, [2016-01-02T15:35:29.139712 #20069] DEBUG -- :   [1m[35m (0.1ms)[0m  begin transaction
D, [2016-01-02T15:35:29.140774 #20069] DEBUG -- :   [1m[36m (0.6ms)[0m  [1mALTER TABLE "thoughts" ADD "from_email" boolean[0m
D, [2016-01-02T15:35:29.146164 #20069] DEBUG -- :   [1m[35mSQL (0.2ms)[0m  INSERT INTO "schema_migrations" ("version") VALUES (?)  [["version", "20160102143443"]]
D, [2016-01-02T15:35:29.187929 #20069] DEBUG -- :   [1m[36m (41.3ms)[0m  [1mcommit transaction[0m
D, [2016-01-02T15:35:29.193760 #20069] DEBUG -- :   [1m[35mActiveRecord::SchemaMigration Load (0.1ms)[0m  SELECT "schema_migrations".* FROM "schema_migrations"
D, [2016-01-02T15:35:29.196352 #20069] DEBUG -- :   [1m[36m (0.2ms)[0m  [1m            SELECT sql
            FROM sqlite_master
            WHERE name='index_tags_thoughts_on_tag_id' AND type='index'
            UNION ALL
            SELECT sql
            FROM sqlite_temp_master
            WHERE name='index_tags_thoughts_on_tag_id' AND type='index'
[0m
D, [2016-01-02T15:35:29.196860 #20069] DEBUG -- :   [1m[35m (0.1ms)[0m              SELECT sql
            FROM sqlite_master
            WHERE name='index_tags_thoughts_on_thought_id' AND type='index'
            UNION ALL
            SELECT sql
            FROM sqlite_temp_master
            WHERE name='index_tags_thoughts_on_thought_id' AND type='index'

D, [2016-01-02T15:35:55.619238 #20108] DEBUG -- :   [1m[36mActiveRecord::SchemaMigration Load (0.2ms)[0m  [1mSELECT "schema_migrations".* FROM "schema_migrations"[0m
D, [2016-01-02T15:35:55.625745 #20108] DEBUG -- :   [1m[35mActiveRecord::SchemaMigration Load (0.1ms)[0m  SELECT "schema_migrations".* FROM "schema_migrations"
I, [2016-01-02T15:35:55.625964 #20108]  INFO -- : Migrating to AddFromEmailComlumnToThoughts (20160102143443)
D, [2016-01-02T15:35:55.626494 #20108] DEBUG -- :   [1m[36m (0.1ms)[0m  [1mbegin transaction[0m
D, [2016-01-02T15:35:55.631835 #20108] DEBUG -- :   [1m[35m (0.5ms)[0m  CREATE TEMPORARY TABLE "athoughts" ("id" INTEGER PRIMARY KEY AUTOINCREMENT NOT NULL, "title" varchar, "description" text, "created_at" datetime, "updated_at" datetime, "from_email" boolean) 
D, [2016-01-02T15:35:55.632941 #20108] DEBUG -- :   [1m[36m (0.4ms)[0m  [1mSELECT * FROM "thoughts"[0m
D, [2016-01-02T15:35:55.635180 #20108] DEBUG -- :   [1m[35m (0.1ms)[0m  INSERT INTO "athoughts" ("id","title","description","created_at","updated_at","from_email") VALUES (1, 'First thought', NULL, '2015-12-27 15:12:45.666612', '2015-12-27 15:12:45.666612', NULL)
D, [2016-01-02T15:35:55.635469 #20108] DEBUG -- :   [1m[36m (0.1ms)[0m  [1mINSERT INTO "athoughts" ("id","title","description","created_at","updated_at","from_email") VALUES (2, '5 min journal. #Dad. #presents', NULL, '2015-12-27 18:08:54.364727', '2015-12-27 18:08:54.364727', NULL)[0m
D, [2016-01-02T15:35:55.635732 #20108] DEBUG -- :   [1m[35m (0.1ms)[0m  INSERT INTO "athoughts" ("id","title","description","created_at","updated_at","from_email") VALUES (3, 'Test another', NULL, '2015-12-27 18:12:36.356445', '2015-12-27 18:12:36.356445', NULL)
D, [2016-01-02T15:35:55.635962 #20108] DEBUG -- :   [1m[36m (0.1ms)[0m  [1mINSERT INTO "athoughts" ("id","title","description","created_at","updated_at","from_email") VALUES (4, 'another yet', NULL, '2015-12-27 18:13:23.720494', '2015-12-27 18:13:23.720494', NULL)[0m
D, [2016-01-02T15:35:55.636181 #20108] DEBUG -- :   [1m[35m (0.1ms)[0m  INSERT INTO "athoughts" ("id","title","description","created_at","updated_at","from_email") VALUES (5, 'abot', NULL, '2015-12-27 18:16:39.529613', '2015-12-27 18:16:39.529613', NULL)
D, [2016-01-02T15:35:55.636402 #20108] DEBUG -- :   [1m[36m (0.1ms)[0m  [1mINSERT INTO "athoughts" ("id","title","description","created_at","updated_at","from_email") VALUES (6, 'test title', 'test desc', '2015-12-27 18:18:31.291188', '2015-12-27 18:18:31.291188', NULL)[0m
D, [2016-01-02T15:35:55.636623 #20108] DEBUG -- :   [1m[35m (0.1ms)[0m  INSERT INTO "athoughts" ("id","title","description","created_at","updated_at","from_email") VALUES (7, 'and another title', 'desc', '2015-12-27 18:20:23.471634', '2015-12-27 18:20:23.471634', NULL)
D, [2016-01-02T15:35:55.636840 #20108] DEBUG -- :   [1m[36m (0.1ms)[0m  [1mINSERT INTO "athoughts" ("id","title","description","created_at","updated_at","from_email") VALUES (8, 'Testing #tags #productivity yup', NULL, '2015-12-27 18:48:56.752639', '2015-12-27 18:48:56.752639', NULL)[0m
D, [2016-01-02T15:35:55.637058 #20108] DEBUG -- :   [1m[35m (0.1ms)[0m  INSERT INTO "athoughts" ("id","title","description","created_at","updated_at","from_email") VALUES (9, 'Testing #tags #productivity yup', NULL, '2015-12-27 18:51:00.296236', '2015-12-27 18:51:00.296236', NULL)
D, [2016-01-02T15:35:55.637299 #20108] DEBUG -- :   [1m[36m (0.1ms)[0m  [1mINSERT INTO "athoughts" ("id","title","description","created_at","updated_at","from_email") VALUES (10, 'Testing #tags #productivity yup', NULL, '2015-12-27 18:53:07.477711', '2015-12-27 18:53:07.477711', NULL)[0m
D, [2016-01-02T15:35:55.637510 #20108] DEBUG -- :   [1m[35m (0.1ms)[0m  INSERT INTO "athoughts" ("id","title","description","created_at","updated_at","from_email") VALUES (11, 'why is ECI or other like wholemeal food so expensive', NULL, '2015-12-28 10:23:53.782541', '2015-12-28 10:23:53.782541', NULL)
D, [2016-01-02T15:35:55.637738 #20108] DEBUG -- :   [1m[36m (0.1ms)[0m  [1mINSERT INTO "athoughts" ("id","title","description","created_at","updated_at","from_email") VALUES (12, 'vim temp window taking a long time #dumper', NULL, '2015-12-28 12:45:52.416987', '2015-12-28 12:45:52.416987', NULL)[0m
D, [2016-01-02T15:35:55.637963 #20108] DEBUG -- :   [1m[35m (0.1ms)[0m  INSERT INTO "athoughts" ("id","title","description","created_at","updated_at","from_email") VALUES (13, 'Utility to like/dislike what''s playing on RPi', 'should open terminal and type something como like/dislike. Send ssh to raspbi and get song? is that possible?', '2015-12-28 12:46:51.164859', '2015-12-28 12:46:51.164859', NULL)
D, [2016-01-02T15:35:55.638175 #20108] DEBUG -- :   [1m[36m (0.1ms)[0m  [1mINSERT INTO "athoughts" ("id","title","description","created_at","updated_at","from_email") VALUES (14, 'vim temp window taking a long time #dumper', NULL, '2015-12-28 12:46:58.600282', '2015-12-28 12:46:58.600282', NULL)[0m
D, [2016-01-02T15:35:55.638411 #20108] DEBUG -- :   [1m[35m (0.1ms)[0m  INSERT INTO "athoughts" ("id","title","description","created_at","updated_at","from_email") VALUES (15, 'deal with duplicate thoughts on #dumper', NULL, '2015-12-28 12:47:13.702822', '2015-12-28 12:47:13.702822', NULL)
D, [2016-01-02T15:35:55.638640 #20108] DEBUG -- :   [1m[36m (0.1ms)[0m  [1mINSERT INTO "athoughts" ("id","title","description","created_at","updated_at","from_email") VALUES (16, 'browser extension to #dump articles and links to reading list or whatever #dumper', NULL, '2015-12-28 18:18:13.375359', '2015-12-28 18:18:13.375359', NULL)[0m
D, [2016-01-02T15:35:55.638876 #20108] DEBUG -- :   [1m[35m (0.1ms)[0m  INSERT INTO "athoughts" ("id","title","description","created_at","updated_at","from_email") VALUES (17, 'Should be able to add to notes. Like ideas for a card. #dumper', 'For example have a not or something Christmas-card-for-izzy. And add ideas to that', '2015-12-28 18:42:36.096997', '2015-12-28 18:42:36.096997', NULL)
D, [2016-01-02T15:35:55.639082 #20108] DEBUG -- :   [1m[36m (0.1ms)[0m  [1mINSERT INTO "athoughts" ("id","title","description","created_at","updated_at","from_email") VALUES (18, 'Send ideas to efl organizing system', NULL, '2015-12-28 18:44:43.564850', '2015-12-28 18:44:43.564850', NULL)[0m
D, [2016-01-02T15:35:55.639300 #20108] DEBUG -- :   [1m[35m (0.1ms)[0m  INSERT INTO "athoughts" ("id","title","description","created_at","updated_at","from_email") VALUES (19, 'I like the send idea for different areas like lists, card, category, efl #dumper', NULL, '2015-12-28 18:45:19.419290', '2015-12-28 18:45:19.419290', NULL)
D, [2016-01-02T15:35:55.639523 #20108] DEBUG -- :   [1m[36m (0.1ms)[0m  [1mINSERT INTO "athoughts" ("id","title","description","created_at","updated_at","from_email") VALUES (20, 'There''s always a crash/down after mania', 'Like now, when cooking feeling really good. Izzy gets home, feel vulnerable, mood drops.
Like when music. Limit high moods?', '2015-12-28 20:33:34.570930', '2015-12-28 20:33:34.570930', NULL)[0m
D, [2016-01-02T15:35:55.639745 #20108] DEBUG -- :   [1m[35m (0.1ms)[0m  INSERT INTO "athoughts" ("id","title","description","created_at","updated_at","from_email") VALUES (21, 'Leon rechazando responsibility for decisions by making a fake sacrifice', 'I''ll have mahou bc i know you like alhambra. That''s not a real reason.', '2015-12-28 20:35:28.858518', '2015-12-28 20:35:28.858518', NULL)
D, [2016-01-02T15:35:55.639964 #20108] DEBUG -- :   [1m[36m (0.1ms)[0m  [1mINSERT INTO "athoughts" ("id","title","description","created_at","updated_at","from_email") VALUES (22, 'separate photocopies for future lessons, photocopies for absent students and phcps done in past #efl', NULL, '2015-12-29 11:41:07.572059', '2015-12-29 11:41:07.572059', NULL)[0m
D, [2016-01-02T15:35:55.640178 #20108] DEBUG -- :   [1m[35m (0.1ms)[0m  INSERT INTO "athoughts" ("id","title","description","created_at","updated_at","from_email") VALUES (23, 'map leader q and leader backtick to set marker and go to marker #vimrc #vim', NULL, '2015-12-29 12:11:14.366223', '2015-12-29 12:11:14.366223', NULL)
D, [2016-01-02T15:35:55.640426 #20108] DEBUG -- :   [1m[36m (0.1ms)[0m  [1mINSERT INTO "athoughts" ("id","title","description","created_at","updated_at","from_email") VALUES (24, 'test', NULL, '2015-12-29 12:17:36.642417', '2015-12-29 12:17:36.642417', NULL)[0m
D, [2016-01-02T15:35:55.640635 #20108] DEBUG -- :   [1m[35m (0.1ms)[0m  INSERT INTO "athoughts" ("id","title","description","created_at","updated_at","from_email") VALUES (25, 'test', NULL, '2015-12-29 12:18:25.016235', '2015-12-29 12:18:25.016235', NULL)
D, [2016-01-02T15:35:55.640841 #20108] DEBUG -- :   [1m[36m (0.1ms)[0m  [1mINSERT INTO "athoughts" ("id","title","description","created_at","updated_at","from_email") VALUES (26, '7302CJD #traffic', NULL, '2015-12-29 14:35:31.728094', '2015-12-29 14:35:31.728094', NULL)[0m
D, [2016-01-02T15:35:55.641049 #20108] DEBUG -- :   [1m[35m (0.1ms)[0m  INSERT INTO "athoughts" ("id","title","description","created_at","updated_at","from_email") VALUES (27, 'test', NULL, '2015-12-29 16:45:25.854643', '2015-12-29 16:45:25.854643', NULL)
D, [2016-01-02T15:35:55.641272 #20108] DEBUG -- :   [1m[36m (0.1ms)[0m  [1mINSERT INTO "athoughts" ("id","title","description","created_at","updated_at","from_email") VALUES (28, 'test', NULL, '2015-12-29 16:46:11.968432', '2015-12-29 16:46:11.968432', NULL)[0m
D, [2016-01-02T15:35:55.641491 #20108] DEBUG -- :   [1m[35m (0.1ms)[0m  INSERT INTO "athoughts" ("id","title","description","created_at","updated_at","from_email") VALUES (29, 'Create one dumper http server and then access from cli client and from web. Also accept emails and pull from whatever 3rd party api i''m sing for mobile', NULL, '2015-12-29 17:00:05.557588', '2015-12-29 17:00:05.557588', NULL)
D, [2016-01-02T15:35:55.641698 #20108] DEBUG -- :   [1m[36m (0.1ms)[0m  [1mINSERT INTO "athoughts" ("id","title","description","created_at","updated_at","from_email") VALUES (30, 'option to amend last dump #dumper. or just add forgottn tag', NULL, '2015-12-29 17:00:51.913735', '2015-12-29 17:00:51.913735', NULL)[0m
D, [2016-01-02T15:35:55.641931 #20108] DEBUG -- :   [1m[35m (0.1ms)[0m  INSERT INTO "athoughts" ("id","title","description","created_at","updated_at","from_email") VALUES (31, 'why vim window taking so long? #dumper', NULL, '2015-12-29 17:01:14.592052', '2015-12-29 17:01:14.592052', NULL)
D, [2016-01-02T15:35:55.642136 #20108] DEBUG -- :   [1m[36m (0.1ms)[0m  [1mINSERT INTO "athoughts" ("id","title","description","created_at","updated_at","from_email") VALUES (32, 'multiple thoughts from one dump/command #dumper', NULL, '2015-12-29 17:01:33.593650', '2015-12-29 17:01:33.593650', NULL)[0m
D, [2016-01-02T15:35:55.642375 #20108] DEBUG -- :   [1m[35m (0.1ms)[0m  INSERT INTO "athoughts" ("id","title","description","created_at","updated_at","from_email") VALUES (33, 'command to display last dumps. any dumps for that mattr. filter by tag #dumper', NULL, '2015-12-29 17:02:11.297754', '2015-12-29 17:02:11.297754', NULL)
D, [2016-01-02T15:35:55.642593 #20108] DEBUG -- :   [1m[36m (0.1ms)[0m  [1mINSERT INTO "athoughts" ("id","title","description","created_at","updated_at","from_email") VALUES (34, 'name thoughts numas, or sth numas #dumper', NULL, '2015-12-29 21:40:32.527494', '2015-12-29 21:40:32.527494', NULL)[0m
D, [2016-01-02T15:35:55.642799 #20108] DEBUG -- :   [1m[35m (0.1ms)[0m  INSERT INTO "athoughts" ("id","title","description","created_at","updated_at","from_email") VALUES (35, 'Check lesson plans from https://www.off2class.com/ #efl', NULL, '2015-12-30 08:10:39.287690', '2015-12-30 08:10:39.287690', NULL)
D, [2016-01-02T15:35:55.643004 #20108] DEBUG -- :   [1m[36m (0.1ms)[0m  [1mINSERT INTO "athoughts" ("id","title","description","created_at","updated_at","from_email") VALUES (36, 'get a bike #todo', NULL, '2015-12-30 11:54:26.966077', '2015-12-30 11:54:26.966077', NULL)[0m
D, [2016-01-02T15:35:55.643211 #20108] DEBUG -- :   [1m[35m (0.1ms)[0m  INSERT INTO "athoughts" ("id","title","description","created_at","updated_at","from_email") VALUES (37, 'ls', NULL, '2015-12-30 12:25:18.146064', '2015-12-30 12:25:18.146064', NULL)
D, [2016-01-02T15:35:55.643435 #20108] DEBUG -- :   [1m[36m (0.1ms)[0m  [1mINSERT INTO "athoughts" ("id","title","description","created_at","updated_at","from_email") VALUES (38, 'card for izzy #todo', NULL, '2015-12-30 12:44:23.283212', '2015-12-30 12:44:23.283212', NULL)[0m
D, [2016-01-02T15:35:55.643643 #20108] DEBUG -- :   [1m[35m (0.1ms)[0m  INSERT INTO "athoughts" ("id","title","description","created_at","updated_at","from_email") VALUES (39, 'thought title/description main text balance', NULL, '2015-12-30 12:45:30.104776', '2015-12-30 12:45:30.104776', NULL)
D, [2016-01-02T15:35:55.643849 #20108] DEBUG -- :   [1m[36m (0.1ms)[0m  [1mINSERT INTO "athoughts" ("id","title","description","created_at","updated_at","from_email") VALUES (40, '-e option to edit once title is already written inline #dumper', NULL, '2015-12-30 12:46:14.599901', '2015-12-30 12:46:14.599901', NULL)[0m
D, [2016-01-02T15:35:55.644077 #20108] DEBUG -- :   [1m[35m (0.1ms)[0m  INSERT INTO "athoughts" ("id","title","description","created_at","updated_at","from_email") VALUES (41, '#dumper add tags as args after the inline text, without using hashtags. this would however require quotes for text. But if i were to use spotilight style app, or lense, wouldn''t matter as much', NULL, '2015-12-30 12:48:10.344849', '2015-12-30 12:48:10.344849', NULL)
D, [2016-01-02T15:35:55.644310 #20108] DEBUG -- :   [1m[36m (0.1ms)[0m  [1mINSERT INTO "athoughts" ("id","title","description","created_at","updated_at","from_email") VALUES (42, 'One way that makes coping with BPD-like symptoms or behaviour is reminding oneself that these are irrational, crazy. And to not react, but to blindly trust what one know is the correct way of dealing with it. To voluntarily expose oneself to the bad feelings. This works i guess, but makes you feel like you''re crazy, which you really are, or at least that''s what you''re telling yourself to cope. crazy = irrational. So what does that imply then? (to be crazy). Am i not a full person? Is there some fundamental difference between me and someone else? At least part of the time? #bpd #dp', NULL, '2015-12-30 21:02:49.277573', '2015-12-30 21:02:49.277573', NULL)[0m
D, [2016-01-02T15:35:55.644518 #20108] DEBUG -- :   [1m[35m (0.1ms)[0m  INSERT INTO "athoughts" ("id","title","description","created_at","updated_at","from_email") VALUES (43, 'Parfit mars thought experiment. Holy shit. #philosophy', NULL, '2015-12-30 21:30:52.976397', '2015-12-30 21:30:52.976397', NULL)
D, [2016-01-02T15:35:55.644748 #20108] DEBUG -- :   [1m[36m (0.1ms)[0m  [1mINSERT INTO "athoughts" ("id","title","description","created_at","updated_at","from_email") VALUES (44, 'contact Louis Beardsly to find job #rails #job https://medium.com/@louisror/entry-level-ruby-developer-guide-2016-how-to-start-a-rails-career-from-zero-1e5d1d6600ca#.3q1ovq8ye', NULL, '2015-12-31 20:05:15.629176', '2015-12-31 20:05:15.629176', NULL)[0m
D, [2016-01-02T15:35:55.644959 #20108] DEBUG -- :   [1m[35m (0.1ms)[0m  INSERT INTO "athoughts" ("id","title","description","created_at","updated_at","from_email") VALUES (45, '#dumper some kind of way to assign visibiity to thoughts. Some i want to keep in mind or are otherwise relevant to the present or near future, while others i might not need to revisit for years', NULL, '2015-12-31 20:06:13.953324', '2015-12-31 20:06:13.953324', NULL)
D, [2016-01-02T15:35:55.645168 #20108] DEBUG -- :   [1m[36m (0.1ms)[0m  [1mINSERT INTO "athoughts" ("id","title","description","created_at","updated_at","from_email") VALUES (46, 'Test body', NULL, '2016-01-01 01:49:23.057003', '2016-01-01 01:49:23.057003', NULL)[0m
D, [2016-01-02T15:35:55.645370 #20108] DEBUG -- :   [1m[35m (0.1ms)[0m  INSERT INTO "athoughts" ("id","title","description","created_at","updated_at","from_email") VALUES (47, 'another test title', NULL, '2016-01-01 02:13:05.489971', '2016-01-01 02:13:05.489971', NULL)
D, [2016-01-02T15:35:55.645573 #20108] DEBUG -- :   [1m[36m (0.1ms)[0m  [1mINSERT INTO "athoughts" ("id","title","description","created_at","updated_at","from_email") VALUES (48, 'timezones off #dumper', NULL, '2016-01-01 02:13:38.875069', '2016-01-01 02:13:38.875069', NULL)[0m
D, [2016-01-02T15:35:55.645780 #20108] DEBUG -- :   [1m[35m (0.1ms)[0m  INSERT INTO "athoughts" ("id","title","description","created_at","updated_at","from_email") VALUES (49, '#izzy #present madrid me mata shirt. Calle de la fe', NULL, '2016-01-01 19:04:09.510789', '2016-01-01 19:04:09.510789', NULL)
D, [2016-01-02T15:35:55.646013 #20108] DEBUG -- :   [1m[36m (0.1ms)[0m  [1mINSERT INTO "athoughts" ("id","title","description","created_at","updated_at","from_email") VALUES (50, 'first #dump', NULL, '2016-01-01 20:17:35.597343', '2016-01-01 20:17:35.597343', NULL)[0m
D, [2016-01-02T15:35:55.646246 #20108] DEBUG -- :   [1m[35m (0.1ms)[0m  INSERT INTO "athoughts" ("id","title","description","created_at","updated_at","from_email") VALUES (51, 'predumps and dumps. Initial jotting down of idea, and then longer more elaborate description #dumper', NULL, '2016-01-02 10:59:55.907652', '2016-01-02 10:59:55.907652', NULL)
D, [2016-01-02T15:35:55.646465 #20108] DEBUG -- :   [1m[36m (0.1ms)[0m  [1mINSERT INTO "athoughts" ("id","title","description","created_at","updated_at","from_email") VALUES (52, 'How to cancel dump from vim window #dumper', NULL, '2016-01-02 11:11:52.254605', '2016-01-02 11:11:52.254605', NULL)[0m
D, [2016-01-02T15:35:55.646684 #20108] DEBUG -- :   [1m[35m (0.1ms)[0m  INSERT INTO "athoughts" ("id","title","description","created_at","updated_at","from_email") VALUES (53, '#izzy #present #card Do puzzles with you when you''re old', NULL, '2016-01-02 12:50:56.623651', '2016-01-02 12:50:56.623651', NULL)
D, [2016-01-02T15:35:55.646890 #20108] DEBUG -- :   [1m[36m (0.1ms)[0m  [1mINSERT INTO "athoughts" ("id","title","description","created_at","updated_at","from_email") VALUES (54, 'just a #test', 'with dessc
 
another test
', '2016-01-02 14:22:24.990155', '2016-01-02 14:22:24.990155', NULL)[0m
D, [2016-01-02T15:35:55.647097 #20108] DEBUG -- :   [1m[35m (0.1ms)[0m  INSERT INTO "athoughts" ("id","title","description","created_at","updated_at","from_email") VALUES (55, 'whats happening? #test', NULL, '2016-01-02 14:25:05.638654', '2016-01-02 14:25:05.638654', NULL)
D, [2016-01-02T15:35:55.647321 #20108] DEBUG -- :   [1m[36m (0.1ms)[0m  [1mINSERT INTO "athoughts" ("id","title","description","created_at","updated_at","from_email") VALUES (56, 'In case of lownmood prep computer. Stuff tobread or code.', NULL, '2016-01-02 14:31:38.722088', '2016-01-02 14:31:38.722088', NULL)[0m
D, [2016-01-02T15:35:55.647531 #20108] DEBUG -- :   [1m[35m (0.1ms)[0m  INSERT INTO "athoughts" ("id","title","description","created_at","updated_at","from_email") VALUES (57, 'Tag alias or abbreviations', NULL, '2016-01-02 14:31:38.766107', '2016-01-02 14:31:38.766107', NULL)
D, [2016-01-02T15:35:55.647735 #20108] DEBUG -- :   [1m[36m (0.1ms)[0m  [1mINSERT INTO "athoughts" ("id","title","description","created_at","updated_at","from_email") VALUES (58, 'Answer text or email as they come', NULL, '2016-01-02 14:31:38.789136', '2016-01-02 14:31:38.789136', NULL)[0m
D, [2016-01-02T15:35:55.647941 #20108] DEBUG -- :   [1m[35m (0.1ms)[0m  INSERT INTO "athoughts" ("id","title","description","created_at","updated_at","from_email") VALUES (59, 'Get boxer shorts', NULL, '2016-01-02 14:31:39.737615', '2016-01-02 14:31:39.737615', NULL)
D, [2016-01-02T15:35:55.648151 #20108] DEBUG -- :   [1m[36m (0.1ms)[0m  [1mINSERT INTO "athoughts" ("id","title","description","created_at","updated_at","from_email") VALUES (60, 'Keep track of what I&#39;m glad I did like go to NYE and regret. Or what impactwd me and what didn&#39;t. Or where I learnt, like Martin. Maybe each time I&#39;m doubting about decision, log that, and later input whether indid it and how I feel about jt', NULL, '2016-01-02 14:31:39.775198', '2016-01-02 14:31:39.775198', NULL)[0m
D, [2016-01-02T15:35:55.648628 #20108] DEBUG -- :   [1m[35m (0.4ms)[0m  DROP TABLE "thoughts"
D, [2016-01-02T15:35:55.649519 #20108] DEBUG -- :   [1m[36m (0.2ms)[0m  [1mCREATE TABLE "thoughts" ("id" INTEGER PRIMARY KEY AUTOINCREMENT NOT NULL, "title" varchar, "description" text, "created_at" datetime, "updated_at" datetime) [0m
D, [2016-01-02T15:35:55.650491 #20108] DEBUG -- :   [1m[35m (0.4ms)[0m  SELECT * FROM "athoughts"
D, [2016-01-02T15:35:55.650858 #20108] DEBUG -- :   [1m[36m (0.1ms)[0m  [1mINSERT INTO "thoughts" ("id","title","description","created_at","updated_at") VALUES (1, 'First thought', NULL, '2015-12-27 15:12:45.666612', '2015-12-27 15:12:45.666612')[0m
D, [2016-01-02T15:35:55.651068 #20108] DEBUG -- :   [1m[35m (0.1ms)[0m  INSERT INTO "thoughts" ("id","title","description","created_at","updated_at") VALUES (2, '5 min journal. #Dad. #presents', NULL, '2015-12-27 18:08:54.364727', '2015-12-27 18:08:54.364727')
D, [2016-01-02T15:35:55.651326 #20108] DEBUG -- :   [1m[36m (0.1ms)[0m  [1mINSERT INTO "thoughts" ("id","title","description","created_at","updated_at") VALUES (3, 'Test another', NULL, '2015-12-27 18:12:36.356445', '2015-12-27 18:12:36.356445')[0m
D, [2016-01-02T15:35:55.651539 #20108] DEBUG -- :   [1m[35m (0.1ms)[0m  INSERT INTO "thoughts" ("id","title","description","created_at","updated_at") VALUES (4, 'another yet', NULL, '2015-12-27 18:13:23.720494', '2015-12-27 18:13:23.720494')
D, [2016-01-02T15:35:55.651742 #20108] DEBUG -- :   [1m[36m (0.1ms)[0m  [1mINSERT INTO "thoughts" ("id","title","description","created_at","updated_at") VALUES (5, 'abot', NULL, '2015-12-27 18:16:39.529613', '2015-12-27 18:16:39.529613')[0m
D, [2016-01-02T15:35:55.651944 #20108] DEBUG -- :   [1m[35m (0.1ms)[0m  INSERT INTO "thoughts" ("id","title","description","created_at","updated_at") VALUES (6, 'test title', 'test desc', '2015-12-27 18:18:31.291188', '2015-12-27 18:18:31.291188')
D, [2016-01-02T15:35:55.652147 #20108] DEBUG -- :   [1m[36m (0.1ms)[0m  [1mINSERT INTO "thoughts" ("id","title","description","created_at","updated_at") VALUES (7, 'and another title', 'desc', '2015-12-27 18:20:23.471634', '2015-12-27 18:20:23.471634')[0m
D, [2016-01-02T15:35:55.652354 #20108] DEBUG -- :   [1m[35m (0.1ms)[0m  INSERT INTO "thoughts" ("id","title","description","created_at","updated_at") VALUES (8, 'Testing #tags #productivity yup', NULL, '2015-12-27 18:48:56.752639', '2015-12-27 18:48:56.752639')
D, [2016-01-02T15:35:55.652557 #20108] DEBUG -- :   [1m[36m (0.1ms)[0m  [1mINSERT INTO "thoughts" ("id","title","description","created_at","updated_at") VALUES (9, 'Testing #tags #productivity yup', NULL, '2015-12-27 18:51:00.296236', '2015-12-27 18:51:00.296236')[0m
D, [2016-01-02T15:35:55.652793 #20108] DEBUG -- :   [1m[35m (0.1ms)[0m  INSERT INTO "thoughts" ("id","title","description","created_at","updated_at") VALUES (10, 'Testing #tags #productivity yup', NULL, '2015-12-27 18:53:07.477711', '2015-12-27 18:53:07.477711')
D, [2016-01-02T15:35:55.653004 #20108] DEBUG -- :   [1m[36m (0.1ms)[0m  [1mINSERT INTO "thoughts" ("id","title","description","created_at","updated_at") VALUES (11, 'why is ECI or other like wholemeal food so expensive', NULL, '2015-12-28 10:23:53.782541', '2015-12-28 10:23:53.782541')[0m
D, [2016-01-02T15:35:55.653209 #20108] DEBUG -- :   [1m[35m (0.1ms)[0m  INSERT INTO "thoughts" ("id","title","description","created_at","updated_at") VALUES (12, 'vim temp window taking a long time #dumper', NULL, '2015-12-28 12:45:52.416987', '2015-12-28 12:45:52.416987')
D, [2016-01-02T15:35:55.653420 #20108] DEBUG -- :   [1m[36m (0.1ms)[0m  [1mINSERT INTO "thoughts" ("id","title","description","created_at","updated_at") VALUES (13, 'Utility to like/dislike what''s playing on RPi', 'should open terminal and type something como like/dislike. Send ssh to raspbi and get song? is that possible?', '2015-12-28 12:46:51.164859', '2015-12-28 12:46:51.164859')[0m
D, [2016-01-02T15:35:55.653626 #20108] DEBUG -- :   [1m[35m (0.1ms)[0m  INSERT INTO "thoughts" ("id","title","description","created_at","updated_at") VALUES (14, 'vim temp window taking a long time #dumper', NULL, '2015-12-28 12:46:58.600282', '2015-12-28 12:46:58.600282')
D, [2016-01-02T15:35:55.653829 #20108] DEBUG -- :   [1m[36m (0.1ms)[0m  [1mINSERT INTO "thoughts" ("id","title","description","created_at","updated_at") VALUES (15, 'deal with duplicate thoughts on #dumper', NULL, '2015-12-28 12:47:13.702822', '2015-12-28 12:47:13.702822')[0m
D, [2016-01-02T15:35:55.654035 #20108] DEBUG -- :   [1m[35m (0.1ms)[0m  INSERT INTO "thoughts" ("id","title","description","created_at","updated_at") VALUES (16, 'browser extension to #dump articles and links to reading list or whatever #dumper', NULL, '2015-12-28 18:18:13.375359', '2015-12-28 18:18:13.375359')
D, [2016-01-02T15:35:55.654251 #20108] DEBUG -- :   [1m[36m (0.1ms)[0m  [1mINSERT INTO "thoughts" ("id","title","description","created_at","updated_at") VALUES (17, 'Should be able to add to notes. Like ideas for a card. #dumper', 'For example have a not or something Christmas-card-for-izzy. And add ideas to that', '2015-12-28 18:42:36.096997', '2015-12-28 18:42:36.096997')[0m
D, [2016-01-02T15:35:55.654505 #20108] DEBUG -- :   [1m[35m (0.1ms)[0m  INSERT INTO "thoughts" ("id","title","description","created_at","updated_at") VALUES (18, 'Send ideas to efl organizing system', NULL, '2015-12-28 18:44:43.564850', '2015-12-28 18:44:43.564850')
D, [2016-01-02T15:35:55.654712 #20108] DEBUG -- :   [1m[36m (0.1ms)[0m  [1mINSERT INTO "thoughts" ("id","title","description","created_at","updated_at") VALUES (19, 'I like the send idea for different areas like lists, card, category, efl #dumper', NULL, '2015-12-28 18:45:19.419290', '2015-12-28 18:45:19.419290')[0m
D, [2016-01-02T15:35:55.654930 #20108] DEBUG -- :   [1m[35m (0.1ms)[0m  INSERT INTO "thoughts" ("id","title","description","created_at","updated_at") VALUES (20, 'There''s always a crash/down after mania', 'Like now, when cooking feeling really good. Izzy gets home, feel vulnerable, mood drops.
Like when music. Limit high moods?', '2015-12-28 20:33:34.570930', '2015-12-28 20:33:34.570930')
D, [2016-01-02T15:35:55.655207 #20108] DEBUG -- :   [1m[36m (0.1ms)[0m  [1mINSERT INTO "thoughts" ("id","title","description","created_at","updated_at") VALUES (21, 'Leon rechazando responsibility for decisions by making a fake sacrifice', 'I''ll have mahou bc i know you like alhambra. That''s not a real reason.', '2015-12-28 20:35:28.858518', '2015-12-28 20:35:28.858518')[0m
D, [2016-01-02T15:35:55.655429 #20108] DEBUG -- :   [1m[35m (0.1ms)[0m  INSERT INTO "thoughts" ("id","title","description","created_at","updated_at") VALUES (22, 'separate photocopies for future lessons, photocopies for absent students and phcps done in past #efl', NULL, '2015-12-29 11:41:07.572059', '2015-12-29 11:41:07.572059')
D, [2016-01-02T15:35:55.655639 #20108] DEBUG -- :   [1m[36m (0.1ms)[0m  [1mINSERT INTO "thoughts" ("id","title","description","created_at","updated_at") VALUES (23, 'map leader q and leader backtick to set marker and go to marker #vimrc #vim', NULL, '2015-12-29 12:11:14.366223', '2015-12-29 12:11:14.366223')[0m
D, [2016-01-02T15:35:55.655849 #20108] DEBUG -- :   [1m[35m (0.1ms)[0m  INSERT INTO "thoughts" ("id","title","description","created_at","updated_at") VALUES (24, 'test', NULL, '2015-12-29 12:17:36.642417', '2015-12-29 12:17:36.642417')
D, [2016-01-02T15:35:55.656059 #20108] DEBUG -- :   [1m[36m (0.1ms)[0m  [1mINSERT INTO "thoughts" ("id","title","description","created_at","updated_at") VALUES (25, 'test', NULL, '2015-12-29 12:18:25.016235', '2015-12-29 12:18:25.016235')[0m
D, [2016-01-02T15:35:55.656296 #20108] DEBUG -- :   [1m[35m (0.1ms)[0m  INSERT INTO "thoughts" ("id","title","description","created_at","updated_at") VALUES (26, '7302CJD #traffic', NULL, '2015-12-29 14:35:31.728094', '2015-12-29 14:35:31.728094')
D, [2016-01-02T15:35:55.656675 #20108] DEBUG -- :   [1m[36m (0.2ms)[0m  [1mINSERT INTO "thoughts" ("id","title","description","created_at","updated_at") VALUES (27, 'test', NULL, '2015-12-29 16:45:25.854643', '2015-12-29 16:45:25.854643')[0m
D, [2016-01-02T15:35:55.657002 #20108] DEBUG -- :   [1m[35m (0.1ms)[0m  INSERT INTO "thoughts" ("id","title","description","created_at","updated_at") VALUES (28, 'test', NULL, '2015-12-29 16:46:11.968432', '2015-12-29 16:46:11.968432')
D, [2016-01-02T15:35:55.657312 #20108] DEBUG -- :   [1m[36m (0.1ms)[0m  [1mINSERT INTO "thoughts" ("id","title","description","created_at","updated_at") VALUES (29, 'Create one dumper http server and then access from cli client and from web. Also accept emails and pull from whatever 3rd party api i''m sing for mobile', NULL, '2015-12-29 17:00:05.557588', '2015-12-29 17:00:05.557588')[0m
D, [2016-01-02T15:35:55.657632 #20108] DEBUG -- :   [1m[35m (0.1ms)[0m  INSERT INTO "thoughts" ("id","title","description","created_at","updated_at") VALUES (30, 'option to amend last dump #dumper. or just add forgottn tag', NULL, '2015-12-29 17:00:51.913735', '2015-12-29 17:00:51.913735')
D, [2016-01-02T15:35:55.657959 #20108] DEBUG -- :   [1m[36m (0.1ms)[0m  [1mINSERT INTO "thoughts" ("id","title","description","created_at","updated_at") VALUES (31, 'why vim window taking so long? #dumper', NULL, '2015-12-29 17:01:14.592052', '2015-12-29 17:01:14.592052')[0m
D, [2016-01-02T15:35:55.658361 #20108] DEBUG -- :   [1m[35m (0.2ms)[0m  INSERT INTO "thoughts" ("id","title","description","created_at","updated_at") VALUES (32, 'multiple thoughts from one dump/command #dumper', NULL, '2015-12-29 17:01:33.593650', '2015-12-29 17:01:33.593650')
D, [2016-01-02T15:35:55.658751 #20108] DEBUG -- :   [1m[36m (0.1ms)[0m  [1mINSERT INTO "thoughts" ("id","title","description","created_at","updated_at") VALUES (33, 'command to display last dumps. any dumps for that mattr. filter by tag #dumper', NULL, '2015-12-29 17:02:11.297754', '2015-12-29 17:02:11.297754')[0m
D, [2016-01-02T15:35:55.659094 #20108] DEBUG -- :   [1m[35m (0.1ms)[0m  INSERT INTO "thoughts" ("id","title","description","created_at","updated_at") VALUES (34, 'name thoughts numas, or sth numas #dumper', NULL, '2015-12-29 21:40:32.527494', '2015-12-29 21:40:32.527494')
D, [2016-01-02T15:35:55.659521 #20108] DEBUG -- :   [1m[36m (0.2ms)[0m  [1mINSERT INTO "thoughts" ("id","title","description","created_at","updated_at") VALUES (35, 'Check lesson plans from https://www.off2class.com/ #efl', NULL, '2015-12-30 08:10:39.287690', '2015-12-30 08:10:39.287690')[0m
D, [2016-01-02T15:35:55.659886 #20108] DEBUG -- :   [1m[35m (0.1ms)[0m  INSERT INTO "thoughts" ("id","title","description","created_at","updated_at") VALUES (36, 'get a bike #todo', NULL, '2015-12-30 11:54:26.966077', '2015-12-30 11:54:26.966077')
D, [2016-01-02T15:35:55.660245 #20108] DEBUG -- :   [1m[36m (0.1ms)[0m  [1mINSERT INTO "thoughts" ("id","title","description","created_at","updated_at") VALUES (37, 'ls', NULL, '2015-12-30 12:25:18.146064', '2015-12-30 12:25:18.146064')[0m
D, [2016-01-02T15:35:55.660605 #20108] DEBUG -- :   [1m[35m (0.1ms)[0m  INSERT INTO "thoughts" ("id","title","description","created_at","updated_at") VALUES (38, 'card for izzy #todo', NULL, '2015-12-30 12:44:23.283212', '2015-12-30 12:44:23.283212')
D, [2016-01-02T15:35:55.660934 #20108] DEBUG -- :   [1m[36m (0.1ms)[0m  [1mINSERT INTO "thoughts" ("id","title","description","created_at","updated_at") VALUES (39, 'thought title/description main text balance', NULL, '2015-12-30 12:45:30.104776', '2015-12-30 12:45:30.104776')[0m
D, [2016-01-02T15:35:55.661249 #20108] DEBUG -- :   [1m[35m (0.1ms)[0m  INSERT INTO "thoughts" ("id","title","description","created_at","updated_at") VALUES (40, '-e option to edit once title is already written inline #dumper', NULL, '2015-12-30 12:46:14.599901', '2015-12-30 12:46:14.599901')
D, [2016-01-02T15:35:55.661500 #20108] DEBUG -- :   [1m[36m (0.1ms)[0m  [1mINSERT INTO "thoughts" ("id","title","description","created_at","updated_at") VALUES (41, '#dumper add tags as args after the inline text, without using hashtags. this would however require quotes for text. But if i were to use spotilight style app, or lense, wouldn''t matter as much', NULL, '2015-12-30 12:48:10.344849', '2015-12-30 12:48:10.344849')[0m
D, [2016-01-02T15:35:55.661783 #20108] DEBUG -- :   [1m[35m (0.1ms)[0m  INSERT INTO "thoughts" ("id","title","description","created_at","updated_at") VALUES (42, 'One way that makes coping with BPD-like symptoms or behaviour is reminding oneself that these are irrational, crazy. And to not react, but to blindly trust what one know is the correct way of dealing with it. To voluntarily expose oneself to the bad feelings. This works i guess, but makes you feel like you''re crazy, which you really are, or at least that''s what you''re telling yourself to cope. crazy = irrational. So what does that imply then? (to be crazy). Am i not a full person? Is there some fundamental difference between me and someone else? At least part of the time? #bpd #dp', NULL, '2015-12-30 21:02:49.277573', '2015-12-30 21:02:49.277573')
D, [2016-01-02T15:35:55.661998 #20108] DEBUG -- :   [1m[36m (0.1ms)[0m  [1mINSERT INTO "thoughts" ("id","title","description","created_at","updated_at") VALUES (43, 'Parfit mars thought experiment. Holy shit. #philosophy', NULL, '2015-12-30 21:30:52.976397', '2015-12-30 21:30:52.976397')[0m
D, [2016-01-02T15:35:55.662241 #20108] DEBUG -- :   [1m[35m (0.1ms)[0m  INSERT INTO "thoughts" ("id","title","description","created_at","updated_at") VALUES (44, 'contact Louis Beardsly to find job #rails #job https://medium.com/@louisror/entry-level-ruby-developer-guide-2016-how-to-start-a-rails-career-from-zero-1e5d1d6600ca#.3q1ovq8ye', NULL, '2015-12-31 20:05:15.629176', '2015-12-31 20:05:15.629176')
D, [2016-01-02T15:35:55.662459 #20108] DEBUG -- :   [1m[36m (0.1ms)[0m  [1mINSERT INTO "thoughts" ("id","title","description","created_at","updated_at") VALUES (45, '#dumper some kind of way to assign visibiity to thoughts. Some i want to keep in mind or are otherwise relevant to the present or near future, while others i might not need to revisit for years', NULL, '2015-12-31 20:06:13.953324', '2015-12-31 20:06:13.953324')[0m
D, [2016-01-02T15:35:55.662670 #20108] DEBUG -- :   [1m[35m (0.1ms)[0m  INSERT INTO "thoughts" ("id","title","description","created_at","updated_at") VALUES (46, 'Test body', NULL, '2016-01-01 01:49:23.057003', '2016-01-01 01:49:23.057003')
D, [2016-01-02T15:35:55.662876 #20108] DEBUG -- :   [1m[36m (0.1ms)[0m  [1mINSERT INTO "thoughts" ("id","title","description","created_at","updated_at") VALUES (47, 'another test title', NULL, '2016-01-01 02:13:05.489971', '2016-01-01 02:13:05.489971')[0m
D, [2016-01-02T15:35:55.663077 #20108] DEBUG -- :   [1m[35m (0.1ms)[0m  INSERT INTO "thoughts" ("id","title","description","created_at","updated_at") VALUES (48, 'timezones off #dumper', NULL, '2016-01-01 02:13:38.875069', '2016-01-01 02:13:38.875069')
D, [2016-01-02T15:35:55.663279 #20108] DEBUG -- :   [1m[36m (0.1ms)[0m  [1mINSERT INTO "thoughts" ("id","title","description","created_at","updated_at") VALUES (49, '#izzy #present madrid me mata shirt. Calle de la fe', NULL, '2016-01-01 19:04:09.510789', '2016-01-01 19:04:09.510789')[0m
D, [2016-01-02T15:35:55.663483 #20108] DEBUG -- :   [1m[35m (0.1ms)[0m  INSERT INTO "thoughts" ("id","title","description","created_at","updated_at") VALUES (50, 'first #dump', NULL, '2016-01-01 20:17:35.597343', '2016-01-01 20:17:35.597343')
D, [2016-01-02T15:35:55.663719 #20108] DEBUG -- :   [1m[36m (0.1ms)[0m  [1mINSERT INTO "thoughts" ("id","title","description","created_at","updated_at") VALUES (51, 'predumps and dumps. Initial jotting down of idea, and then longer more elaborate description #dumper', NULL, '2016-01-02 10:59:55.907652', '2016-01-02 10:59:55.907652')[0m
D, [2016-01-02T15:35:55.663922 #20108] DEBUG -- :   [1m[35m (0.1ms)[0m  INSERT INTO "thoughts" ("id","title","description","created_at","updated_at") VALUES (52, 'How to cancel dump from vim window #dumper', NULL, '2016-01-02 11:11:52.254605', '2016-01-02 11:11:52.254605')
D, [2016-01-02T15:35:55.664135 #20108] DEBUG -- :   [1m[36m (0.1ms)[0m  [1mINSERT INTO "thoughts" ("id","title","description","created_at","updated_at") VALUES (53, '#izzy #present #card Do puzzles with you when you''re old', NULL, '2016-01-02 12:50:56.623651', '2016-01-02 12:50:56.623651')[0m
D, [2016-01-02T15:35:55.664335 #20108] DEBUG -- :   [1m[35m (0.1ms)[0m  INSERT INTO "thoughts" ("id","title","description","created_at","updated_at") VALUES (54, 'just a #test', 'with dessc
 
another test
', '2016-01-02 14:22:24.990155', '2016-01-02 14:22:24.990155')
D, [2016-01-02T15:35:55.664540 #20108] DEBUG -- :   [1m[36m (0.1ms)[0m  [1mINSERT INTO "thoughts" ("id","title","description","created_at","updated_at") VALUES (55, 'whats happening? #test', NULL, '2016-01-02 14:25:05.638654', '2016-01-02 14:25:05.638654')[0m
D, [2016-01-02T15:35:55.664740 #20108] DEBUG -- :   [1m[35m (0.1ms)[0m  INSERT INTO "thoughts" ("id","title","description","created_at","updated_at") VALUES (56, 'In case of lownmood prep computer. Stuff tobread or code.', NULL, '2016-01-02 14:31:38.722088', '2016-01-02 14:31:38.722088')
D, [2016-01-02T15:35:55.664955 #20108] DEBUG -- :   [1m[36m (0.1ms)[0m  [1mINSERT INTO "thoughts" ("id","title","description","created_at","updated_at") VALUES (57, 'Tag alias or abbreviations', NULL, '2016-01-02 14:31:38.766107', '2016-01-02 14:31:38.766107')[0m
D, [2016-01-02T15:35:55.665213 #20108] DEBUG -- :   [1m[35m (0.1ms)[0m  INSERT INTO "thoughts" ("id","title","description","created_at","updated_at") VALUES (58, 'Answer text or email as they come', NULL, '2016-01-02 14:31:38.789136', '2016-01-02 14:31:38.789136')
D, [2016-01-02T15:35:55.665416 #20108] DEBUG -- :   [1m[36m (0.1ms)[0m  [1mINSERT INTO "thoughts" ("id","title","description","created_at","updated_at") VALUES (59, 'Get boxer shorts', NULL, '2016-01-02 14:31:39.737615', '2016-01-02 14:31:39.737615')[0m
D, [2016-01-02T15:35:55.665625 #20108] DEBUG -- :   [1m[35m (0.1ms)[0m  INSERT INTO "thoughts" ("id","title","description","created_at","updated_at") VALUES (60, 'Keep track of what I&#39;m glad I did like go to NYE and regret. Or what impactwd me and what didn&#39;t. Or where I learnt, like Martin. Maybe each time I&#39;m doubting about decision, log that, and later input whether indid it and how I feel about jt', NULL, '2016-01-02 14:31:39.775198', '2016-01-02 14:31:39.775198')
D, [2016-01-02T15:35:55.666062 #20108] DEBUG -- :   [1m[36m (0.3ms)[0m  [1mDROP TABLE "athoughts"[0m
D, [2016-01-02T15:35:55.670240 #20108] DEBUG -- :   [1m[35mSQL (0.2ms)[0m  DELETE FROM "schema_migrations" WHERE "schema_migrations"."version" = ?  [["version", "20160102143443"]]
D, [2016-01-02T15:35:55.718132 #20108] DEBUG -- :   [1m[36m (47.6ms)[0m  [1mcommit transaction[0m
D, [2016-01-02T15:35:55.726429 #20108] DEBUG -- :   [1m[35mActiveRecord::SchemaMigration Load (0.3ms)[0m  SELECT "schema_migrations".* FROM "schema_migrations"
D, [2016-01-02T15:35:55.731284 #20108] DEBUG -- :   [1m[36m (0.3ms)[0m  [1m            SELECT sql
            FROM sqlite_master
            WHERE name='index_tags_thoughts_on_tag_id' AND type='index'
            UNION ALL
            SELECT sql
            FROM sqlite_temp_master
            WHERE name='index_tags_thoughts_on_tag_id' AND type='index'
[0m
D, [2016-01-02T15:35:55.732274 #20108] DEBUG -- :   [1m[35m (0.3ms)[0m              SELECT sql
            FROM sqlite_master
            WHERE name='index_tags_thoughts_on_thought_id' AND type='index'
            UNION ALL
            SELECT sql
            FROM sqlite_temp_master
            WHERE name='index_tags_thoughts_on_thought_id' AND type='index'

D, [2016-01-02T15:36:13.793391 #20147] DEBUG -- :   [1m[36mActiveRecord::SchemaMigration Load (0.1ms)[0m  [1mSELECT "schema_migrations".* FROM "schema_migrations"[0m
I, [2016-01-02T15:36:13.798828 #20147]  INFO -- : Migrating to AddFromEmailComlumnToThoughts (20160102143443)
D, [2016-01-02T15:36:13.799346 #20147] DEBUG -- :   [1m[35m (0.1ms)[0m  begin transaction
D, [2016-01-02T15:36:13.801968 #20147] DEBUG -- :   [1m[36m (0.5ms)[0m  [1mALTER TABLE "thoughts" ADD "from_email" boolean DEFAULT 'f'[0m
D, [2016-01-02T15:36:13.805204 #20147] DEBUG -- :   [1m[35mSQL (0.2ms)[0m  INSERT INTO "schema_migrations" ("version") VALUES (?)  [["version", "20160102143443"]]
D, [2016-01-02T15:36:13.832882 #20147] DEBUG -- :   [1m[36m (27.3ms)[0m  [1mcommit transaction[0m
D, [2016-01-02T15:36:13.838533 #20147] DEBUG -- :   [1m[35mActiveRecord::SchemaMigration Load (0.3ms)[0m  SELECT "schema_migrations".* FROM "schema_migrations"
D, [2016-01-02T15:36:13.841354 #20147] DEBUG -- :   [1m[36m (0.2ms)[0m  [1m            SELECT sql
            FROM sqlite_master
            WHERE name='index_tags_thoughts_on_tag_id' AND type='index'
            UNION ALL
            SELECT sql
            FROM sqlite_temp_master
            WHERE name='index_tags_thoughts_on_tag_id' AND type='index'
[0m
D, [2016-01-02T15:36:13.841844 #20147] DEBUG -- :   [1m[35m (0.1ms)[0m              SELECT sql
            FROM sqlite_master
            WHERE name='index_tags_thoughts_on_thought_id' AND type='index'
            UNION ALL
            SELECT sql
            FROM sqlite_temp_master
            WHERE name='index_tags_thoughts_on_thought_id' AND type='index'

D, [2016-01-11T12:43:48.869311 #21051] DEBUG -- :   [1m[36mThought Load (3.7ms)[0m  [1mSELECT "thoughts".* FROM "thoughts"[0m
D, [2016-01-11T12:43:48.895047 #21051] DEBUG -- :   [1m[35mTag Load (0.5ms)[0m  SELECT "tags".* FROM "tags"
D, [2016-02-08T02:33:28.697532 #20637] DEBUG -- :   [1m[36mThought Load (2.4ms)[0m  [1mSELECT "thoughts".* FROM "thoughts"[0m
D, [2016-02-08T02:33:28.723217 #20637] DEBUG -- :   [1m[35mTag Load (0.5ms)[0m  SELECT "tags".* FROM "tags"
D, [2016-02-08T17:09:04.937595 #20637] DEBUG -- :   [1m[36mThought Load (22.3ms)[0m  [1mSELECT "thoughts".* FROM "thoughts"[0m
D, [2016-02-08T17:09:04.964320 #20637] DEBUG -- :   [1m[35mTag Load (0.6ms)[0m  SELECT "tags".* FROM "tags"
D, [2016-02-08T20:08:54.710224 #20637] DEBUG -- :   [1m[36mThought Load (13.5ms)[0m  [1mSELECT "thoughts".* FROM "thoughts"[0m
D, [2016-02-08T20:08:54.787588 #20637] DEBUG -- :   [1m[35mTag Load (32.9ms)[0m  SELECT "tags".* FROM "tags"
D, [2016-02-08T20:09:08.711772 #20637] DEBUG -- :   [1m[36mThought Load (12.7ms)[0m  [1mSELECT "thoughts".* FROM "thoughts"[0m
D, [2016-02-08T20:09:08.741727 #20637] DEBUG -- :   [1m[35mTag Load (0.4ms)[0m  SELECT "tags".* FROM "tags"
D, [2016-02-08T20:09:40.724942 #20637] DEBUG -- :   [1m[36mThought Load (4.0ms)[0m  [1mSELECT "thoughts".* FROM "thoughts"[0m
D, [2016-02-08T20:09:40.880175 #20637] DEBUG -- :   [1m[35mTag Load (0.4ms)[0m  SELECT "tags".* FROM "tags"
D, [2016-02-08T20:10:42.014162 #20637] DEBUG -- :   [1m[36mThought Load (3.4ms)[0m  [1mSELECT "thoughts".* FROM "thoughts"[0m
D, [2016-02-08T20:10:42.021891 #20637] DEBUG -- :   [1m[35mTag Load (0.9ms)[0m  SELECT "tags".* FROM "tags"
D, [2016-02-08T20:11:49.384405 #20637] DEBUG -- :   [1m[36mThought Load (1.1ms)[0m  [1mSELECT "thoughts".* FROM "thoughts"[0m
D, [2016-02-08T20:11:49.394797 #20637] DEBUG -- :   [1m[35mTag Load (0.9ms)[0m  SELECT "tags".* FROM "tags"
D, [2016-02-18T19:47:17.788421 #13805] DEBUG -- :   [1m[36mThought Load (4.6ms)[0m  [1mSELECT "thoughts".* FROM "thoughts"[0m
D, [2016-02-18T19:47:17.814628 #13805] DEBUG -- :   [1m[35mTag Load (0.6ms)[0m  SELECT "tags".* FROM "tags"
D, [2016-02-20T03:21:34.654395 #30355] DEBUG -- :   [1m[36mThought Load (3.8ms)[0m  [1mSELECT "thoughts".* FROM "thoughts"[0m
D, [2016-02-20T03:21:34.677682 #30355] DEBUG -- :   [1m[35mTag Load (0.6ms)[0m  SELECT "tags".* FROM "tags"
D, [2016-02-21T04:48:27.385515 #13805] DEBUG -- :   [1m[36mThought Load (9.5ms)[0m  [1mSELECT "thoughts".* FROM "thoughts"[0m
D, [2016-02-21T04:48:27.402528 #13805] DEBUG -- :   [1m[35mTag Load (0.5ms)[0m  SELECT "tags".* FROM "tags"
